  main.cpp
  NhanVien.cpp
  NVcongNhan.cpp
d:\github\oop\nhanvien\project1\nvcongnhan.cpp(32): warning C4244: 'return': conversion from 'int' to 'float', possible loss of data
  NVquanLy.cpp
d:\github\oop\nhanvien\project1\nvquanly.cpp(26): error C2679: binary '>>': no operator found which takes a right-hand operand of type 'NhanVien *' (or there is no acceptable conversion)
  d:\softwares\visual studio\vc\tools\msvc\14.16.27023\include\istream(333): note: could be 'std::basic_istream<char,std::char_traits<char>> &std::basic_istream<char,std::char_traits<char>>::operator >>(std::basic_streambuf<char,std::char_traits<char>> *)'
  d:\softwares\visual studio\vc\tools\msvc\14.16.27023\include\istream(328): note: or       'std::basic_istream<char,std::char_traits<char>> &std::basic_istream<char,std::char_traits<char>>::operator >>(void *&)'
  d:\softwares\visual studio\vc\tools\msvc\14.16.27023\include\istream(323): note: or       'std::basic_istream<char,std::char_traits<char>> &std::basic_istream<char,std::char_traits<char>>::operator >>(long double &)'
  d:\softwares\visual studio\vc\tools\msvc\14.16.27023\include\istream(318): note: or       'std::basic_istream<char,std::char_traits<char>> &std::basic_istream<char,std::char_traits<char>>::operator >>(double &)'
  d:\softwares\visual studio\vc\tools\msvc\14.16.27023\include\istream(313): note: or       'std::basic_istream<char,std::char_traits<char>> &std::basic_istream<char,std::char_traits<char>>::operator >>(float &)'
  d:\softwares\visual studio\vc\tools\msvc\14.16.27023\include\istream(308): note: or       'std::basic_istream<char,std::char_traits<char>> &std::basic_istream<char,std::char_traits<char>>::operator >>(unsigned __int64 &)'
  d:\softwares\visual studio\vc\tools\msvc\14.16.27023\include\istream(303): note: or       'std::basic_istream<char,std::char_traits<char>> &std::basic_istream<char,std::char_traits<char>>::operator >>(__int64 &)'
  d:\softwares\visual studio\vc\tools\msvc\14.16.27023\include\istream(298): note: or       'std::basic_istream<char,std::char_traits<char>> &std::basic_istream<char,std::char_traits<char>>::operator >>(unsigned long &)'
  d:\softwares\visual studio\vc\tools\msvc\14.16.27023\include\istream(293): note: or       'std::basic_istream<char,std::char_traits<char>> &std::basic_istream<char,std::char_traits<char>>::operator >>(long &)'
  d:\softwares\visual studio\vc\tools\msvc\14.16.27023\include\istream(288): note: or       'std::basic_istream<char,std::char_traits<char>> &std::basic_istream<char,std::char_traits<char>>::operator >>(unsigned int &)'
  d:\softwares\visual studio\vc\tools\msvc\14.16.27023\include\istream(278): note: or       'std::basic_istream<char,std::char_traits<char>> &std::basic_istream<char,std::char_traits<char>>::operator >>(int &)'
  d:\softwares\visual studio\vc\tools\msvc\14.16.27023\include\istream(273): note: or       'std::basic_istream<char,std::char_traits<char>> &std::basic_istream<char,std::char_traits<char>>::operator >>(unsigned short &)'
  d:\softwares\visual studio\vc\tools\msvc\14.16.27023\include\istream(233): note: or       'std::basic_istream<char,std::char_traits<char>> &std::basic_istream<char,std::char_traits<char>>::operator >>(short &)'
  d:\softwares\visual studio\vc\tools\msvc\14.16.27023\include\istream(228): note: or       'std::basic_istream<char,std::char_traits<char>> &std::basic_istream<char,std::char_traits<char>>::operator >>(bool &)'
  d:\softwares\visual studio\vc\tools\msvc\14.16.27023\include\istream(203): note: or       'std::basic_istream<char,std::char_traits<char>> &std::basic_istream<char,std::char_traits<char>>::operator >>(std::ios_base &(__cdecl *)(std::ios_base &))'
  d:\softwares\visual studio\vc\tools\msvc\14.16.27023\include\istream(197): note: or       'std::basic_istream<char,std::char_traits<char>> &std::basic_istream<char,std::char_traits<char>>::operator >>(std::basic_ios<char,std::char_traits<char>> &(__cdecl *)(std::basic_ios<char,std::char_traits<char>> &))'
  d:\softwares\visual studio\vc\tools\msvc\14.16.27023\include\istream(192): note: or       'std::basic_istream<char,std::char_traits<char>> &std::basic_istream<char,std::char_traits<char>>::operator >>(std::basic_istream<char,std::char_traits<char>> &(__cdecl *)(std::basic_istream<char,std::char_traits<char>> &))'
  d:\github\oop\nhanvien\project1\nhanvien.h(17): note: or       'std::istream &operator >>(std::istream &,NhanVien &)' [found using argument-dependent lookup]
  d:\softwares\visual studio\vc\tools\msvc\14.16.27023\include\istream(940): note: or       'std::basic_istream<char,std::char_traits<char>> &std::operator >><std::char_traits<char>>(std::basic_istream<char,std::char_traits<char>> &,unsigned char &)'
  d:\softwares\visual studio\vc\tools\msvc\14.16.27023\include\istream(933): note: or       'std::basic_istream<char,std::char_traits<char>> &std::operator >><std::char_traits<char>>(std::basic_istream<char,std::char_traits<char>> &,unsigned char *)'
  d:\softwares\visual studio\vc\tools\msvc\14.16.27023\include\istream(926): note: or       'std::basic_istream<char,std::char_traits<char>> &std::operator >><std::char_traits<char>>(std::basic_istream<char,std::char_traits<char>> &,signed char &)'
  d:\softwares\visual studio\vc\tools\msvc\14.16.27023\include\istream(919): note: or       'std::basic_istream<char,std::char_traits<char>> &std::operator >><std::char_traits<char>>(std::basic_istream<char,std::char_traits<char>> &,signed char *)'
  d:\github\oop\nhanvien\project1\nvquanly.cpp(26): note: while trying to match the argument list '(std::istream, NhanVien *)'
d:\github\oop\nhanvien\project1\nvquanly.cpp(32): error C2679: binary '>>': no operator found which takes a right-hand operand of type 'NhanVien *' (or there is no acceptable conversion)
  d:\softwares\visual studio\vc\tools\msvc\14.16.27023\include\istream(333): note: could be 'std::basic_istream<char,std::char_traits<char>> &std::basic_istream<char,std::char_traits<char>>::operator >>(std::basic_streambuf<char,std::char_traits<char>> *)'
  d:\softwares\visual studio\vc\tools\msvc\14.16.27023\include\istream(328): note: or       'std::basic_istream<char,std::char_traits<char>> &std::basic_istream<char,std::char_traits<char>>::operator >>(void *&)'
  d:\softwares\visual studio\vc\tools\msvc\14.16.27023\include\istream(323): note: or       'std::basic_istream<char,std::char_traits<char>> &std::basic_istream<char,std::char_traits<char>>::operator >>(long double &)'
  d:\softwares\visual studio\vc\tools\msvc\14.16.27023\include\istream(318): note: or       'std::basic_istream<char,std::char_traits<char>> &std::basic_istream<char,std::char_traits<char>>::operator >>(double &)'
  d:\softwares\visual studio\vc\tools\msvc\14.16.27023\include\istream(313): note: or       'std::basic_istream<char,std::char_traits<char>> &std::basic_istream<char,std::char_traits<char>>::operator >>(float &)'
  d:\softwares\visual studio\vc\tools\msvc\14.16.27023\include\istream(308): note: or       'std::basic_istream<char,std::char_traits<char>> &std::basic_istream<char,std::char_traits<char>>::operator >>(unsigned __int64 &)'
  d:\softwares\visual studio\vc\tools\msvc\14.16.27023\include\istream(303): note: or       'std::basic_istream<char,std::char_traits<char>> &std::basic_istream<char,std::char_traits<char>>::operator >>(__int64 &)'
  d:\softwares\visual studio\vc\tools\msvc\14.16.27023\include\istream(298): note: or       'std::basic_istream<char,std::char_traits<char>> &std::basic_istream<char,std::char_traits<char>>::operator >>(unsigned long &)'
  d:\softwares\visual studio\vc\tools\msvc\14.16.27023\include\istream(293): note: or       'std::basic_istream<char,std::char_traits<char>> &std::basic_istream<char,std::char_traits<char>>::operator >>(long &)'
  d:\softwares\visual studio\vc\tools\msvc\14.16.27023\include\istream(288): note: or       'std::basic_istream<char,std::char_traits<char>> &std::basic_istream<char,std::char_traits<char>>::operator >>(unsigned int &)'
  d:\softwares\visual studio\vc\tools\msvc\14.16.27023\include\istream(278): note: or       'std::basic_istream<char,std::char_traits<char>> &std::basic_istream<char,std::char_traits<char>>::operator >>(int &)'
  d:\softwares\visual studio\vc\tools\msvc\14.16.27023\include\istream(273): note: or       'std::basic_istream<char,std::char_traits<char>> &std::basic_istream<char,std::char_traits<char>>::operator >>(unsigned short &)'
  d:\softwares\visual studio\vc\tools\msvc\14.16.27023\include\istream(233): note: or       'std::basic_istream<char,std::char_traits<char>> &std::basic_istream<char,std::char_traits<char>>::operator >>(short &)'
  d:\softwares\visual studio\vc\tools\msvc\14.16.27023\include\istream(228): note: or       'std::basic_istream<char,std::char_traits<char>> &std::basic_istream<char,std::char_traits<char>>::operator >>(bool &)'
  d:\softwares\visual studio\vc\tools\msvc\14.16.27023\include\istream(203): note: or       'std::basic_istream<char,std::char_traits<char>> &std::basic_istream<char,std::char_traits<char>>::operator >>(std::ios_base &(__cdecl *)(std::ios_base &))'
  d:\softwares\visual studio\vc\tools\msvc\14.16.27023\include\istream(197): note: or       'std::basic_istream<char,std::char_traits<char>> &std::basic_istream<char,std::char_traits<char>>::operator >>(std::basic_ios<char,std::char_traits<char>> &(__cdecl *)(std::basic_ios<char,std::char_traits<char>> &))'
  d:\softwares\visual studio\vc\tools\msvc\14.16.27023\include\istream(192): note: or       'std::basic_istream<char,std::char_traits<char>> &std::basic_istream<char,std::char_traits<char>>::operator >>(std::basic_istream<char,std::char_traits<char>> &(__cdecl *)(std::basic_istream<char,std::char_traits<char>> &))'
  d:\github\oop\nhanvien\project1\nhanvien.h(17): note: or       'std::istream &operator >>(std::istream &,NhanVien &)' [found using argument-dependent lookup]
  d:\softwares\visual studio\vc\tools\msvc\14.16.27023\include\istream(940): note: or       'std::basic_istream<char,std::char_traits<char>> &std::operator >><std::char_traits<char>>(std::basic_istream<char,std::char_traits<char>> &,unsigned char &)'
  d:\softwares\visual studio\vc\tools\msvc\14.16.27023\include\istream(933): note: or       'std::basic_istream<char,std::char_traits<char>> &std::operator >><std::char_traits<char>>(std::basic_istream<char,std::char_traits<char>> &,unsigned char *)'
  d:\softwares\visual studio\vc\tools\msvc\14.16.27023\include\istream(926): note: or       'std::basic_istream<char,std::char_traits<char>> &std::operator >><std::char_traits<char>>(std::basic_istream<char,std::char_traits<char>> &,signed char &)'
  d:\softwares\visual studio\vc\tools\msvc\14.16.27023\include\istream(919): note: or       'std::basic_istream<char,std::char_traits<char>> &std::operator >><std::char_traits<char>>(std::basic_istream<char,std::char_traits<char>> &,signed char *)'
  d:\github\oop\nhanvien\project1\nvquanly.cpp(32): note: while trying to match the argument list '(std::istream, NhanVien *)'
d:\github\oop\nhanvien\project1\nvquanly.cpp(42): error C2039: 'tinhLuong': is not a member of 'NhanVien'
  d:\github\oop\nhanvien\project1\nhanvien.h(6): note: see declaration of 'NhanVien'
  NVsanXuat.cpp
d:\github\oop\nhanvien\project1\nvsanxuat.cpp(34): warning C4244: 'return': conversion from 'int' to 'float', possible loss of data
  Generating Code...
